<?xml version="1.0" encoding="UTF-8"?>
<!-- Generated by org.testng.reporters.JUnitReportReporter -->
<testsuite skipped="0" hostname="LAPTOP-T6TK0DA7" name="TestCasesMainClass" tests="1" failures="0" timestamp="2020-03-01T07:04:40 EST" time="11.860" errors="0">
  <testcase name="LoginSFDC" time="11.860" classname="TestCasesMainClass"/>
</testsuite> <!-- TestCasesMainClass -->
